c:\users\asus\desktop\progrt.asm\progr\light_copy\5_mouse\mouse\release\mouse.pch
c:\users\asus\desktop\progrt.asm\progr\light_copy\5_mouse\mouse\release\vc142.pdb
c:\users\asus\desktop\progrt.asm\progr\light_copy\5_mouse\mouse\release\stdafx.obj
c:\users\asus\desktop\progrt.asm\progr\light_copy\5_mouse\mouse\release\mouse.obj
d:\asm\debug\lab7\lab7.win32_api\mouse\release\mouse.pch
d:\asm\debug\lab7\lab7.win32_api\mouse\release\vc142.pdb
d:\asm\debug\lab7\lab7.win32_api\mouse\release\stdafx.obj
d:\asm\debug\lab7\lab7.win32_api\mouse\release\mouse.obj
c:\users\asus\desktop\progrt.asm\progr\light_copy\5_mouse\release\mouse.exe
c:\users\asus\desktop\progrt.asm\progr\light_copy\5_mouse\release\mouse.pdb
d:\asm\debug\lab7\lab7.win32_api\release\mouse.exe
d:\asm\debug\lab7\lab7.win32_api\release\mouse.pdb
c:\users\asus\desktop\progrt.asm\progr\light_copy\5_mouse\release\mouse.ipdb
c:\users\asus\desktop\progrt.asm\progr\light_copy\5_mouse\release\mouse.iobj
d:\asm\debug\lab7\lab7.win32_api\release\mouse.ipdb
d:\asm\debug\lab7\lab7.win32_api\release\mouse.iobj
c:\users\asus\desktop\progrt.asm\progr\light_copy\5_mouse\mouse\release\mouse.res
d:\asm\debug\lab7\lab7.win32_api\mouse\release\mouse.res
d:\asm\debug\lab7\lab7.win32_api\mouse\release\mouse.tlog\cl.command.1.tlog
d:\asm\debug\lab7\lab7.win32_api\mouse\release\mouse.tlog\cl.read.1.tlog
d:\asm\debug\lab7\lab7.win32_api\mouse\release\mouse.tlog\cl.write.1.tlog
d:\asm\debug\lab7\lab7.win32_api\mouse\release\mouse.tlog\link.command.1.tlog
d:\asm\debug\lab7\lab7.win32_api\mouse\release\mouse.tlog\link.read.1.tlog
d:\asm\debug\lab7\lab7.win32_api\mouse\release\mouse.tlog\link.write.1.tlog
d:\asm\debug\lab7\lab7.win32_api\mouse\release\mouse.tlog\mouse.write.1u.tlog
d:\asm\debug\lab7\lab7.win32_api\mouse\release\mouse.tlog\rc.command.1.tlog
d:\asm\debug\lab7\lab7.win32_api\mouse\release\mouse.tlog\rc.read.1.tlog
d:\asm\debug\lab7\lab7.win32_api\mouse\release\mouse.tlog\rc.write.1.tlog
